{"D:\\Professional\\Learning\\Coding\\Course\\Rakamin Academy\\Fullstack\\Week 11 - Unit Testing & Development\\Homework\\homework-week-11\\app.js": {"path":"D:\\Professional\\Learning\\Coding\\Course\\Rakamin Academy\\Fullstack\\Week 11 - Unit Testing & Development\\Homework\\homework-week-11\\app.js","statementMap":{"0":{"start":{"line":1,"column":16},"end":{"line":1,"column":34}},"1":{"start":{"line":2,"column":15},"end":{"line":2,"column":34}},"2":{"start":{"line":4,"column":12},"end":{"line":4,"column":21}},"3":{"start":{"line":5,"column":0},"end":{"line":5,"column":24}},"4":{"start":{"line":7,"column":0},"end":{"line":7,"column":21}},"5":{"start":{"line":9,"column":13},"end":{"line":9,"column":37}},"6":{"start":{"line":10,"column":0},"end":{"line":12,"column":3}},"7":{"start":{"line":11,"column":2},"end":{"line":11,"column":51}},"8":{"start":{"line":14,"column":0},"end":{"line":14,"column":21}}},"fnMap":{"0":{"name":"(anonymous_0)","decl":{"start":{"line":10,"column":17},"end":{"line":10,"column":18}},"loc":{"start":{"line":10,"column":23},"end":{"line":12,"column":1}},"line":10}},"branchMap":{"0":{"loc":{"start":{"line":9,"column":13},"end":{"line":9,"column":37}},"type":"binary-expr","locations":[{"start":{"line":9,"column":13},"end":{"line":9,"column":29}},{"start":{"line":9,"column":33},"end":{"line":9,"column":37}}],"line":9}},"s":{"0":1,"1":1,"2":1,"3":1,"4":1,"5":1,"6":1,"7":1,"8":1},"f":{"0":1},"b":{"0":[1,0]},"_coverageSchema":"1a1c01bbd47fc00a2c39e90264f33305004495a9","hash":"f6961023e9e183369067a7177ea9b58b217b1b28"}
,"D:\\Professional\\Learning\\Coding\\Course\\Rakamin Academy\\Fullstack\\Week 11 - Unit Testing & Development\\Homework\\homework-week-11\\config\\config.js": {"path":"D:\\Professional\\Learning\\Coding\\Course\\Rakamin Academy\\Fullstack\\Week 11 - Unit Testing & Development\\Homework\\homework-week-11\\config\\config.js","statementMap":{"0":{"start":{"line":1,"column":0},"end":{"line":1,"column":27}},"1":{"start":{"line":3,"column":0},"end":{"line":25,"column":2}}},"fnMap":{},"branchMap":{},"s":{"0":1,"1":1},"f":{},"b":{},"_coverageSchema":"1a1c01bbd47fc00a2c39e90264f33305004495a9","hash":"3ae98155ec79f150aa793eee3462abaf9022bbe6"}
,"D:\\Professional\\Learning\\Coding\\Course\\Rakamin Academy\\Fullstack\\Week 11 - Unit Testing & Development\\Homework\\homework-week-11\\controllers\\todoController.js": {"path":"D:\\Professional\\Learning\\Coding\\Course\\Rakamin Academy\\Fullstack\\Week 11 - Unit Testing & Development\\Homework\\homework-week-11\\controllers\\todoController.js","statementMap":{"0":{"start":{"line":1,"column":20},"end":{"line":1,"column":54}},"1":{"start":{"line":3,"column":23},"end":{"line":71,"column":1}},"2":{"start":{"line":5,"column":4},"end":{"line":10,"column":5}},"3":{"start":{"line":6,"column":20},"end":{"line":6,"column":51}},"4":{"start":{"line":7,"column":6},"end":{"line":7,"column":22}},"5":{"start":{"line":9,"column":6},"end":{"line":9,"column":18}},"6":{"start":{"line":14,"column":4},"end":{"line":23,"column":5}},"7":{"start":{"line":15,"column":19},"end":{"line":15,"column":63}},"8":{"start":{"line":16,"column":6},"end":{"line":20,"column":7}},"9":{"start":{"line":17,"column":8},"end":{"line":17,"column":23}},"10":{"start":{"line":19,"column":8},"end":{"line":19,"column":58}},"11":{"start":{"line":22,"column":6},"end":{"line":22,"column":18}},"12":{"start":{"line":27,"column":4},"end":{"line":37,"column":5}},"13":{"start":{"line":28,"column":24},"end":{"line":28,"column":32}},"14":{"start":{"line":29,"column":6},"end":{"line":31,"column":7}},"15":{"start":{"line":30,"column":8},"end":{"line":30,"column":68}},"16":{"start":{"line":33,"column":19},"end":{"line":33,"column":54}},"17":{"start":{"line":34,"column":6},"end":{"line":34,"column":33}},"18":{"start":{"line":36,"column":6},"end":{"line":36,"column":18}},"19":{"start":{"line":41,"column":4},"end":{"line":54,"column":5}},"20":{"start":{"line":42,"column":24},"end":{"line":42,"column":32}},"21":{"start":{"line":43,"column":26},"end":{"line":43,"column":76}},"22":{"start":{"line":44,"column":6},"end":{"line":51,"column":7}},"23":{"start":{"line":45,"column":8},"end":{"line":48,"column":11}},"24":{"start":{"line":50,"column":8},"end":{"line":50,"column":60}},"25":{"start":{"line":53,"column":6},"end":{"line":53,"column":18}},"26":{"start":{"line":58,"column":4},"end":{"line":69,"column":5}},"27":{"start":{"line":59,"column":21},"end":{"line":59,"column":34}},"28":{"start":{"line":60,"column":26},"end":{"line":60,"column":66}},"29":{"start":{"line":62,"column":6},"end":{"line":66,"column":7}},"30":{"start":{"line":63,"column":8},"end":{"line":63,"column":63}},"31":{"start":{"line":65,"column":8},"end":{"line":65,"column":60}},"32":{"start":{"line":68,"column":6},"end":{"line":68,"column":18}},"33":{"start":{"line":73,"column":0},"end":{"line":73,"column":32}}},"fnMap":{"0":{"name":"(anonymous_0)","decl":{"start":{"line":4,"column":15},"end":{"line":4,"column":16}},"loc":{"start":{"line":4,"column":41},"end":{"line":11,"column":3}},"line":4},"1":{"name":"(anonymous_1)","decl":{"start":{"line":13,"column":15},"end":{"line":13,"column":16}},"loc":{"start":{"line":13,"column":41},"end":{"line":24,"column":3}},"line":13},"2":{"name":"(anonymous_2)","decl":{"start":{"line":26,"column":14},"end":{"line":26,"column":15}},"loc":{"start":{"line":26,"column":40},"end":{"line":38,"column":3}},"line":26},"3":{"name":"(anonymous_3)","decl":{"start":{"line":40,"column":14},"end":{"line":40,"column":15}},"loc":{"start":{"line":40,"column":40},"end":{"line":55,"column":3}},"line":40},"4":{"name":"(anonymous_4)","decl":{"start":{"line":57,"column":14},"end":{"line":57,"column":15}},"loc":{"start":{"line":57,"column":40},"end":{"line":70,"column":3}},"line":57}},"branchMap":{"0":{"loc":{"start":{"line":16,"column":6},"end":{"line":20,"column":7}},"type":"if","locations":[{"start":{"line":16,"column":6},"end":{"line":20,"column":7}},{"start":{"line":18,"column":13},"end":{"line":20,"column":7}}],"line":16},"1":{"loc":{"start":{"line":29,"column":6},"end":{"line":31,"column":7}},"type":"if","locations":[{"start":{"line":29,"column":6},"end":{"line":31,"column":7}},{"start":{},"end":{}}],"line":29},"2":{"loc":{"start":{"line":44,"column":6},"end":{"line":51,"column":7}},"type":"if","locations":[{"start":{"line":44,"column":6},"end":{"line":51,"column":7}},{"start":{"line":49,"column":13},"end":{"line":51,"column":7}}],"line":44},"3":{"loc":{"start":{"line":62,"column":6},"end":{"line":66,"column":7}},"type":"if","locations":[{"start":{"line":62,"column":6},"end":{"line":66,"column":7}},{"start":{"line":64,"column":13},"end":{"line":66,"column":7}}],"line":62}},"s":{"0":1,"1":1,"2":1,"3":1,"4":1,"5":0,"6":2,"7":2,"8":2,"9":1,"10":1,"11":0,"12":2,"13":2,"14":2,"15":1,"16":1,"17":1,"18":0,"19":2,"20":2,"21":2,"22":2,"23":1,"24":1,"25":0,"26":2,"27":2,"28":2,"29":2,"30":1,"31":1,"32":0,"33":1},"f":{"0":1,"1":2,"2":2,"3":2,"4":2},"b":{"0":[1,1],"1":[1,1],"2":[1,1],"3":[1,1]},"_coverageSchema":"1a1c01bbd47fc00a2c39e90264f33305004495a9","hash":"1fb93f02316ae54f6c4d396c3ea9704f4af1357b"}
,"D:\\Professional\\Learning\\Coding\\Course\\Rakamin Academy\\Fullstack\\Week 11 - Unit Testing & Development\\Homework\\homework-week-11\\models\\index.js": {"path":"D:\\Professional\\Learning\\Coding\\Course\\Rakamin Academy\\Fullstack\\Week 11 - Unit Testing & Development\\Homework\\homework-week-11\\models\\index.js","statementMap":{"0":{"start":{"line":3,"column":11},"end":{"line":3,"column":24}},"1":{"start":{"line":4,"column":13},"end":{"line":4,"column":28}},"2":{"start":{"line":5,"column":18},"end":{"line":5,"column":38}},"3":{"start":{"line":6,"column":17},"end":{"line":6,"column":42}},"4":{"start":{"line":7,"column":12},"end":{"line":7,"column":49}},"5":{"start":{"line":8,"column":15},"end":{"line":8,"column":63}},"6":{"start":{"line":9,"column":11},"end":{"line":9,"column":13}},"7":{"start":{"line":12,"column":0},"end":{"line":21,"column":1}},"8":{"start":{"line":13,"column":2},"end":{"line":13,"column":74}},"9":{"start":{"line":15,"column":2},"end":{"line":20,"column":4}},"10":{"start":{"line":23,"column":0},"end":{"line":38,"column":5}},"11":{"start":{"line":25,"column":4},"end":{"line":30,"column":6}},"12":{"start":{"line":33,"column":18},"end":{"line":36,"column":5}},"13":{"start":{"line":37,"column":4},"end":{"line":37,"column":27}},"14":{"start":{"line":40,"column":0},"end":{"line":44,"column":3}},"15":{"start":{"line":41,"column":2},"end":{"line":43,"column":3}},"16":{"start":{"line":42,"column":4},"end":{"line":42,"column":32}},"17":{"start":{"line":46,"column":0},"end":{"line":46,"column":25}},"18":{"start":{"line":47,"column":0},"end":{"line":47,"column":25}},"19":{"start":{"line":49,"column":0},"end":{"line":49,"column":20}}},"fnMap":{"0":{"name":"(anonymous_0)","decl":{"start":{"line":24,"column":10},"end":{"line":24,"column":11}},"loc":{"start":{"line":24,"column":20},"end":{"line":31,"column":3}},"line":24},"1":{"name":"(anonymous_1)","decl":{"start":{"line":32,"column":11},"end":{"line":32,"column":12}},"loc":{"start":{"line":32,"column":21},"end":{"line":38,"column":3}},"line":32},"2":{"name":"(anonymous_2)","decl":{"start":{"line":40,"column":24},"end":{"line":40,"column":25}},"loc":{"start":{"line":40,"column":39},"end":{"line":44,"column":1}},"line":40}},"branchMap":{"0":{"loc":{"start":{"line":7,"column":12},"end":{"line":7,"column":49}},"type":"binary-expr","locations":[{"start":{"line":7,"column":12},"end":{"line":7,"column":32}},{"start":{"line":7,"column":36},"end":{"line":7,"column":49}}],"line":7},"1":{"loc":{"start":{"line":12,"column":0},"end":{"line":21,"column":1}},"type":"if","locations":[{"start":{"line":12,"column":0},"end":{"line":21,"column":1}},{"start":{"line":14,"column":7},"end":{"line":21,"column":1}}],"line":12},"2":{"loc":{"start":{"line":26,"column":6},"end":{"line":29,"column":37}},"type":"binary-expr","locations":[{"start":{"line":26,"column":6},"end":{"line":26,"column":29}},{"start":{"line":27,"column":6},"end":{"line":27,"column":23}},{"start":{"line":28,"column":6},"end":{"line":28,"column":30}},{"start":{"line":29,"column":6},"end":{"line":29,"column":37}}],"line":26},"3":{"loc":{"start":{"line":41,"column":2},"end":{"line":43,"column":3}},"type":"if","locations":[{"start":{"line":41,"column":2},"end":{"line":43,"column":3}},{"start":{},"end":{}}],"line":41}},"s":{"0":1,"1":1,"2":1,"3":1,"4":1,"5":1,"6":1,"7":1,"8":0,"9":1,"10":1,"11":2,"12":1,"13":1,"14":1,"15":1,"16":0,"17":1,"18":1,"19":1},"f":{"0":2,"1":1,"2":1},"b":{"0":[1,0],"1":[0,1],"2":[2,2,1,1],"3":[0,1]},"_coverageSchema":"1a1c01bbd47fc00a2c39e90264f33305004495a9","hash":"120ef7bebf48ab55de8935169dea14d77758cad5"}
,"D:\\Professional\\Learning\\Coding\\Course\\Rakamin Academy\\Fullstack\\Week 11 - Unit Testing & Development\\Homework\\homework-week-11\\models\\todo.js": {"path":"D:\\Professional\\Learning\\Coding\\Course\\Rakamin Academy\\Fullstack\\Week 11 - Unit Testing & Development\\Homework\\homework-week-11\\models\\todo.js","statementMap":{"0":{"start":{"line":4,"column":29},"end":{"line":4,"column":49}},"1":{"start":{"line":6,"column":0},"end":{"line":19,"column":2}},"2":{"start":{"line":8,"column":2},"end":{"line":17,"column":4}},"3":{"start":{"line":18,"column":2},"end":{"line":18,"column":14}}},"fnMap":{"0":{"name":"(anonymous_0)","decl":{"start":{"line":6,"column":17},"end":{"line":6,"column":18}},"loc":{"start":{"line":6,"column":32},"end":{"line":19,"column":1}},"line":6}},"branchMap":{},"s":{"0":1,"1":1,"2":1,"3":1},"f":{"0":1},"b":{},"_coverageSchema":"1a1c01bbd47fc00a2c39e90264f33305004495a9","hash":"27ec569eef4e67266c5c248d1e64c8d7ed947990"}
,"D:\\Professional\\Learning\\Coding\\Course\\Rakamin Academy\\Fullstack\\Week 11 - Unit Testing & Development\\Homework\\homework-week-11\\repositories\\todoRepository.js": {"path":"D:\\Professional\\Learning\\Coding\\Course\\Rakamin Academy\\Fullstack\\Week 11 - Unit Testing & Development\\Homework\\homework-week-11\\repositories\\todoRepository.js","statementMap":{"0":{"start":{"line":1,"column":17},"end":{"line":1,"column":37}},"1":{"start":{"line":3,"column":23},"end":{"line":75,"column":1}},"2":{"start":{"line":5,"column":4},"end":{"line":14,"column":5}},"3":{"start":{"line":6,"column":20},"end":{"line":10,"column":8}},"4":{"start":{"line":11,"column":6},"end":{"line":11,"column":19}},"5":{"start":{"line":13,"column":6},"end":{"line":13,"column":61}},"6":{"start":{"line":18,"column":4},"end":{"line":23,"column":5}},"7":{"start":{"line":19,"column":19},"end":{"line":19,"column":42}},"8":{"start":{"line":20,"column":6},"end":{"line":20,"column":18}},"9":{"start":{"line":22,"column":6},"end":{"line":22,"column":60}},"10":{"start":{"line":27,"column":4},"end":{"line":32,"column":5}},"11":{"start":{"line":28,"column":19},"end":{"line":28,"column":47}},"12":{"start":{"line":29,"column":6},"end":{"line":29,"column":18}},"13":{"start":{"line":31,"column":6},"end":{"line":31,"column":59}},"14":{"start":{"line":36,"column":4},"end":{"line":52,"column":5}},"15":{"start":{"line":37,"column":19},"end":{"line":37,"column":42}},"16":{"start":{"line":38,"column":6},"end":{"line":45,"column":7}},"17":{"start":{"line":39,"column":22},"end":{"line":39,"column":49}},"18":{"start":{"line":40,"column":8},"end":{"line":40,"column":31}},"19":{"start":{"line":41,"column":8},"end":{"line":41,"column":20}},"20":{"start":{"line":43,"column":8},"end":{"line":43,"column":37}},"21":{"start":{"line":44,"column":8},"end":{"line":44,"column":20}},"22":{"start":{"line":47,"column":6},"end":{"line":51,"column":7}},"23":{"start":{"line":48,"column":8},"end":{"line":48,"column":20}},"24":{"start":{"line":50,"column":8},"end":{"line":50,"column":79}},"25":{"start":{"line":56,"column":4},"end":{"line":73,"column":5}},"26":{"start":{"line":57,"column":19},"end":{"line":57,"column":42}},"27":{"start":{"line":58,"column":6},"end":{"line":65,"column":7}},"28":{"start":{"line":59,"column":22},"end":{"line":59,"column":49}},"29":{"start":{"line":60,"column":8},"end":{"line":60,"column":31}},"30":{"start":{"line":61,"column":8},"end":{"line":61,"column":20}},"31":{"start":{"line":63,"column":8},"end":{"line":63,"column":29}},"32":{"start":{"line":64,"column":8},"end":{"line":64,"column":20}},"33":{"start":{"line":67,"column":6},"end":{"line":72,"column":7}},"34":{"start":{"line":68,"column":8},"end":{"line":68,"column":20}},"35":{"start":{"line":70,"column":29},"end":{"line":70,"column":69}},"36":{"start":{"line":71,"column":8},"end":{"line":71,"column":38}},"37":{"start":{"line":77,"column":0},"end":{"line":77,"column":32}}},"fnMap":{"0":{"name":"(anonymous_0)","decl":{"start":{"line":4,"column":15},"end":{"line":4,"column":16}},"loc":{"start":{"line":4,"column":27},"end":{"line":15,"column":3}},"line":4},"1":{"name":"(anonymous_1)","decl":{"start":{"line":17,"column":15},"end":{"line":17,"column":16}},"loc":{"start":{"line":17,"column":29},"end":{"line":24,"column":3}},"line":17},"2":{"name":"(anonymous_2)","decl":{"start":{"line":26,"column":14},"end":{"line":26,"column":15}},"loc":{"start":{"line":26,"column":31},"end":{"line":33,"column":3}},"line":26},"3":{"name":"(anonymous_3)","decl":{"start":{"line":35,"column":14},"end":{"line":35,"column":15}},"loc":{"start":{"line":35,"column":35},"end":{"line":53,"column":3}},"line":35},"4":{"name":"(anonymous_4)","decl":{"start":{"line":55,"column":17},"end":{"line":55,"column":18}},"loc":{"start":{"line":55,"column":31},"end":{"line":74,"column":3}},"line":55}},"branchMap":{"0":{"loc":{"start":{"line":38,"column":6},"end":{"line":45,"column":7}},"type":"if","locations":[{"start":{"line":38,"column":6},"end":{"line":45,"column":7}},{"start":{"line":42,"column":13},"end":{"line":45,"column":7}}],"line":38},"1":{"loc":{"start":{"line":47,"column":6},"end":{"line":51,"column":7}},"type":"if","locations":[{"start":{"line":47,"column":6},"end":{"line":51,"column":7}},{"start":{"line":49,"column":13},"end":{"line":51,"column":7}}],"line":47},"2":{"loc":{"start":{"line":58,"column":6},"end":{"line":65,"column":7}},"type":"if","locations":[{"start":{"line":58,"column":6},"end":{"line":65,"column":7}},{"start":{"line":62,"column":13},"end":{"line":65,"column":7}}],"line":58},"3":{"loc":{"start":{"line":67,"column":6},"end":{"line":72,"column":7}},"type":"if","locations":[{"start":{"line":67,"column":6},"end":{"line":72,"column":7}},{"start":{"line":69,"column":13},"end":{"line":72,"column":7}}],"line":67}},"s":{"0":1,"1":1,"2":1,"3":1,"4":1,"5":0,"6":4,"7":4,"8":4,"9":0,"10":1,"11":1,"12":1,"13":0,"14":2,"15":2,"16":2,"17":1,"18":1,"19":1,"20":1,"21":1,"22":1,"23":1,"24":0,"25":0,"26":0,"27":0,"28":0,"29":0,"30":0,"31":0,"32":0,"33":0,"34":0,"35":0,"36":0,"37":1},"f":{"0":1,"1":4,"2":1,"3":2,"4":0},"b":{"0":[1,1],"1":[1,0],"2":[0,0],"3":[0,0]},"_coverageSchema":"1a1c01bbd47fc00a2c39e90264f33305004495a9","hash":"d57b2919d604680285749f9a0095bb4e913df61e"}
,"D:\\Professional\\Learning\\Coding\\Course\\Rakamin Academy\\Fullstack\\Week 11 - Unit Testing & Development\\Homework\\homework-week-11\\routes\\index.js": {"path":"D:\\Professional\\Learning\\Coding\\Course\\Rakamin Academy\\Fullstack\\Week 11 - Unit Testing & Development\\Homework\\homework-week-11\\routes\\index.js","statementMap":{"0":{"start":{"line":1,"column":16},"end":{"line":1,"column":34}},"1":{"start":{"line":2,"column":19},"end":{"line":2,"column":42}},"2":{"start":{"line":4,"column":15},"end":{"line":4,"column":31}},"3":{"start":{"line":6,"column":0},"end":{"line":6,"column":33}},"4":{"start":{"line":9,"column":0},"end":{"line":9,"column":24}}},"fnMap":{},"branchMap":{},"s":{"0":1,"1":1,"2":1,"3":1,"4":1},"f":{},"b":{},"_coverageSchema":"1a1c01bbd47fc00a2c39e90264f33305004495a9","hash":"a5580a76a27a6fb41498f1d6acc6cf552970e75a"}
,"D:\\Professional\\Learning\\Coding\\Course\\Rakamin Academy\\Fullstack\\Week 11 - Unit Testing & Development\\Homework\\homework-week-11\\routes\\todoRoutes.js": {"path":"D:\\Professional\\Learning\\Coding\\Course\\Rakamin Academy\\Fullstack\\Week 11 - Unit Testing & Development\\Homework\\homework-week-11\\routes\\todoRoutes.js","statementMap":{"0":{"start":{"line":1,"column":16},"end":{"line":1,"column":34}},"1":{"start":{"line":2,"column":23},"end":{"line":2,"column":63}},"2":{"start":{"line":4,"column":15},"end":{"line":4,"column":31}},"3":{"start":{"line":6,"column":0},"end":{"line":6,"column":44}},"4":{"start":{"line":7,"column":0},"end":{"line":7,"column":47}},"5":{"start":{"line":8,"column":0},"end":{"line":8,"column":44}},"6":{"start":{"line":9,"column":0},"end":{"line":9,"column":46}},"7":{"start":{"line":10,"column":0},"end":{"line":10,"column":49}},"8":{"start":{"line":12,"column":0},"end":{"line":12,"column":24}}},"fnMap":{},"branchMap":{},"s":{"0":1,"1":1,"2":1,"3":1,"4":1,"5":1,"6":1,"7":1,"8":1},"f":{},"b":{},"_coverageSchema":"1a1c01bbd47fc00a2c39e90264f33305004495a9","hash":"1a16ff5e0d1bac42611973f2d723f6e8fa15ae79"}
,"D:\\Professional\\Learning\\Coding\\Course\\Rakamin Academy\\Fullstack\\Week 11 - Unit Testing & Development\\Homework\\homework-week-11\\services\\todoService.js": {"path":"D:\\Professional\\Learning\\Coding\\Course\\Rakamin Academy\\Fullstack\\Week 11 - Unit Testing & Development\\Homework\\homework-week-11\\services\\todoService.js","statementMap":{"0":{"start":{"line":1,"column":23},"end":{"line":1,"column":64}},"1":{"start":{"line":3,"column":20},"end":{"line":63,"column":1}},"2":{"start":{"line":5,"column":4},"end":{"line":14,"column":5}},"3":{"start":{"line":6,"column":20},"end":{"line":6,"column":54}},"4":{"start":{"line":7,"column":6},"end":{"line":7,"column":19}},"5":{"start":{"line":9,"column":6},"end":{"line":13,"column":7}},"6":{"start":{"line":10,"column":8},"end":{"line":10,"column":57}},"7":{"start":{"line":12,"column":8},"end":{"line":12,"column":49}},"8":{"start":{"line":18,"column":4},"end":{"line":27,"column":5}},"9":{"start":{"line":19,"column":19},"end":{"line":19,"column":55}},"10":{"start":{"line":20,"column":6},"end":{"line":20,"column":18}},"11":{"start":{"line":22,"column":6},"end":{"line":26,"column":7}},"12":{"start":{"line":23,"column":8},"end":{"line":23,"column":56}},"13":{"start":{"line":25,"column":8},"end":{"line":25,"column":48}},"14":{"start":{"line":31,"column":4},"end":{"line":36,"column":5}},"15":{"start":{"line":32,"column":19},"end":{"line":32,"column":57}},"16":{"start":{"line":33,"column":6},"end":{"line":33,"column":18}},"17":{"start":{"line":35,"column":6},"end":{"line":35,"column":47}},"18":{"start":{"line":40,"column":4},"end":{"line":48,"column":5}},"19":{"start":{"line":41,"column":19},"end":{"line":41,"column":61}},"20":{"start":{"line":42,"column":6},"end":{"line":42,"column":18}},"21":{"start":{"line":44,"column":6},"end":{"line":47,"column":7}},"22":{"start":{"line":46,"column":8},"end":{"line":46,"column":20}},"23":{"start":{"line":52,"column":4},"end":{"line":61,"column":5}},"24":{"start":{"line":53,"column":19},"end":{"line":53,"column":55}},"25":{"start":{"line":54,"column":6},"end":{"line":54,"column":18}},"26":{"start":{"line":56,"column":6},"end":{"line":60,"column":7}},"27":{"start":{"line":57,"column":8},"end":{"line":57,"column":56}},"28":{"start":{"line":59,"column":8},"end":{"line":59,"column":20}},"29":{"start":{"line":65,"column":0},"end":{"line":65,"column":29}}},"fnMap":{"0":{"name":"(anonymous_0)","decl":{"start":{"line":4,"column":15},"end":{"line":4,"column":16}},"loc":{"start":{"line":4,"column":27},"end":{"line":15,"column":3}},"line":4},"1":{"name":"(anonymous_1)","decl":{"start":{"line":17,"column":15},"end":{"line":17,"column":16}},"loc":{"start":{"line":17,"column":29},"end":{"line":28,"column":3}},"line":17},"2":{"name":"(anonymous_2)","decl":{"start":{"line":30,"column":14},"end":{"line":30,"column":15}},"loc":{"start":{"line":30,"column":31},"end":{"line":37,"column":3}},"line":30},"3":{"name":"(anonymous_3)","decl":{"start":{"line":39,"column":14},"end":{"line":39,"column":15}},"loc":{"start":{"line":39,"column":35},"end":{"line":49,"column":3}},"line":39},"4":{"name":"(anonymous_4)","decl":{"start":{"line":51,"column":18},"end":{"line":51,"column":19}},"loc":{"start":{"line":51,"column":32},"end":{"line":62,"column":3}},"line":51}},"branchMap":{"0":{"loc":{"start":{"line":9,"column":6},"end":{"line":13,"column":7}},"type":"if","locations":[{"start":{"line":9,"column":6},"end":{"line":13,"column":7}},{"start":{"line":11,"column":13},"end":{"line":13,"column":7}}],"line":9},"1":{"loc":{"start":{"line":9,"column":10},"end":{"line":9,"column":72}},"type":"binary-expr","locations":[{"start":{"line":9,"column":10},"end":{"line":9,"column":23}},{"start":{"line":9,"column":27},"end":{"line":9,"column":72}}],"line":9},"2":{"loc":{"start":{"line":22,"column":6},"end":{"line":26,"column":7}},"type":"if","locations":[{"start":{"line":22,"column":6},"end":{"line":26,"column":7}},{"start":{"line":24,"column":13},"end":{"line":26,"column":7}}],"line":22},"3":{"loc":{"start":{"line":22,"column":10},"end":{"line":22,"column":67}},"type":"binary-expr","locations":[{"start":{"line":22,"column":10},"end":{"line":22,"column":23}},{"start":{"line":22,"column":27},"end":{"line":22,"column":67}}],"line":22},"4":{"loc":{"start":{"line":44,"column":6},"end":{"line":47,"column":7}},"type":"if","locations":[{"start":{"line":44,"column":6},"end":{"line":47,"column":7}},{"start":{"line":45,"column":13},"end":{"line":47,"column":7}}],"line":44},"5":{"loc":{"start":{"line":44,"column":10},"end":{"line":44,"column":67}},"type":"binary-expr","locations":[{"start":{"line":44,"column":10},"end":{"line":44,"column":23}},{"start":{"line":44,"column":27},"end":{"line":44,"column":67}}],"line":44},"6":{"loc":{"start":{"line":56,"column":6},"end":{"line":60,"column":7}},"type":"if","locations":[{"start":{"line":56,"column":6},"end":{"line":60,"column":7}},{"start":{"line":58,"column":13},"end":{"line":60,"column":7}}],"line":56},"7":{"loc":{"start":{"line":56,"column":10},"end":{"line":56,"column":67}},"type":"binary-expr","locations":[{"start":{"line":56,"column":10},"end":{"line":56,"column":23}},{"start":{"line":56,"column":27},"end":{"line":56,"column":67}}],"line":56}},"s":{"0":1,"1":1,"2":1,"3":1,"4":1,"5":0,"6":0,"7":0,"8":2,"9":2,"10":2,"11":0,"12":0,"13":0,"14":1,"15":1,"16":1,"17":0,"18":2,"19":2,"20":1,"21":1,"22":0,"23":2,"24":2,"25":2,"26":0,"27":0,"28":0,"29":1},"f":{"0":1,"1":2,"2":1,"3":2,"4":2},"b":{"0":[0,0],"1":[0,0],"2":[0,0],"3":[0,0],"4":[1,0],"5":[1,1],"6":[0,0],"7":[0,0]},"_coverageSchema":"1a1c01bbd47fc00a2c39e90264f33305004495a9","hash":"f6679e3dc488fa1a5c5c97fd7b4bc8b296345930"}
}
